17:58:05.092 [main] INFO  utils.Log - Called method<click> on  
17:58:08.884 [main] INFO  utils.Log - called method <sendKeys> on element <input type="text" class="woocommerce-Input woocommerce-Input--text input-text" name="username" id="username" autocomplete="username" value="">
17:58:08.884 [main] INFO  utils.Log - Called method <waitForElementToBeVisible> on locator :
17:58:09.755 [main] INFO  utils.Log - called method <sendKeys> on element <input class="woocommerce-Input woocommerce-Input--text input-text" type="password" name="password" id="password" autocomplete="current-password">
17:58:09.755 [main] INFO  utils.Log - Called method <waitForElementToBeVisible> on locator :
17:58:10.251 [main] INFO  utils.Log - Called method<click> on  
17:58:13.176 [main] INFO  utils.Log - Called method<click> on  
17:58:16.102 [main] INFO  utils.Log - ++++++++++++++++++++++++++++++++++++
17:58:16.102 [main] INFO  utils.Log -  Passed test case :login
17:58:16.103 [main] INFO  utils.Log - End time :2023.09.08.17.16
17:58:16.104 [main] INFO  utils.Log - ++++++++++++++++++++++++++++++++++++
17:58:31.156 [main] INFO  utils.Log - Called method<click> on  
17:58:35.204 [main] INFO  utils.Log - called method <sendKeys> on element <input type="text" class="woocommerce-Input woocommerce-Input--text input-text" name="username" id="username" autocomplete="username" value="">
17:58:35.204 [main] INFO  utils.Log - Called method <waitForElementToBeVisible> on locator :
17:58:35.963 [main] INFO  utils.Log - called method <sendKeys> on element <input class="woocommerce-Input woocommerce-Input--text input-text" type="password" name="password" id="password" autocomplete="current-password">
17:58:35.963 [main] INFO  utils.Log - Called method <waitForElementToBeVisible> on locator :
17:58:36.421 [main] INFO  utils.Log - Called method<click> on  
17:58:48.782 [main] ERROR utils.Log - ++++++++++++++++++++++++++++++++++++
17:58:48.783 [main] ERROR utils.Log -  Failed test case :loginInvalid
17:58:48.783 [main] ERROR utils.Log - Fail time :2023.09.08.17.48
17:58:48.789 [main] ERROR utils.Log - org.openqa.selenium.NoSuchElementException: no such element: Unable to locate element: {"method":"css selector","selector":"div[class='woocommerce-MyAccount-content']"}
  (Session info: chrome=116.0.5845.179)
For documentation on this error, please visit: https://www.selenium.dev/documentation/webdriver/troubleshooting/errors#no-such-element-exception
Build info: version: '4.11.0', revision: '040bc5406b'
System info: os.name: 'Mac OS X', os.arch: 'x86_64', os.version: '11.4', java.version: '16.0.2'
Driver info: org.openqa.selenium.chrome.ChromeDriver
Command: [0cb08c3554d1e894787b195bc65b8af7, findElement {using=css selector, value=div[class='woocommerce-MyAccount-content']}]
Capabilities {acceptInsecureCerts: false, browserName: chrome, browserVersion: 116.0.5845.179, chrome: {chromedriverVersion: 116.0.5845.96 (1a3918166880..., userDataDir: /var/folders/r5/ws06c4s55zn...}, fedcm:accounts: true, goog:chromeOptions: {debuggerAddress: localhost:60698}, networkConnectionEnabled: false, pageLoadStrategy: normal, platformName: mac, proxy: Proxy(), se:cdp: ws://localhost:60698/devtoo..., se:cdpVersion: 116.0.5845.179, setWindowRect: true, strictFileInteractability: false, timeouts: {implicit: 0, pageLoad: 300000, script: 30000}, unhandledPromptBehavior: dismiss and notify, webauthn:extension:credBlob: true, webauthn:extension:largeBlob: true, webauthn:extension:minPinLength: true, webauthn:extension:prf: true, webauthn:virtualAuthenticators: true}
Session ID: 0cb08c3554d1e894787b195bc65b8af7
17:58:48.789 [main] ERROR utils.Log - ++++++++++++++++++++++++++++++++++++
